Determining if the pthread_create exist failed with the following output:
Change Dir: /home/xcv/CLionProjects/saber/cmake-build-debug/CMakeFiles/CMakeTmp

Run Build Command:"/usr/bin/make" "cmTC_b5116/fast"
/usr/bin/make -f CMakeFiles/cmTC_b5116.dir/build.make CMakeFiles/cmTC_b5116.dir/build
make[1]: Entering directory '/home/xcv/CLionProjects/saber/cmake-build-debug/CMakeFiles/CMakeTmp'
Building C object CMakeFiles/cmTC_b5116.dir/CheckSymbolExists.c.o
/usr/bin/cc     -o CMakeFiles/cmTC_b5116.dir/CheckSymbolExists.c.o   -c /home/xcv/CLionProjects/saber/cmake-build-debug/CMakeFiles/CMakeTmp/CheckSymbolExists.c
Linking C executable cmTC_b5116
/home/xcv/app/clion-2017.1/bin/cmake/bin/cmake -E cmake_link_script CMakeFiles/cmTC_b5116.dir/link.txt --verbose=1
/usr/bin/cc       CMakeFiles/cmTC_b5116.dir/CheckSymbolExists.c.o  -o cmTC_b5116 
CMakeFiles/cmTC_b5116.dir/CheckSymbolExists.c.o：在函数‘main’中：
CheckSymbolExists.c:(.text+0x16)：对‘pthread_create’未定义的引用
collect2: error: ld returned 1 exit status
CMakeFiles/cmTC_b5116.dir/build.make:97: recipe for target 'cmTC_b5116' failed
make[1]: *** [cmTC_b5116] Error 1
make[1]: Leaving directory '/home/xcv/CLionProjects/saber/cmake-build-debug/CMakeFiles/CMakeTmp'
Makefile:126: recipe for target 'cmTC_b5116/fast' failed
make: *** [cmTC_b5116/fast] Error 2

File /home/xcv/CLionProjects/saber/cmake-build-debug/CMakeFiles/CMakeTmp/CheckSymbolExists.c:
/* */
#include <pthread.h>

int main(int argc, char** argv)
{
  (void)argv;
#ifndef pthread_create
  return ((int*)(&pthread_create))[argc];
#else
  (void)argc;
  return 0;
#endif
}

Determining if the function pthread_create exists in the pthreads failed with the following output:
Change Dir: /home/xcv/CLionProjects/saber/cmake-build-debug/CMakeFiles/CMakeTmp

Run Build Command:"/usr/bin/make" "cmTC_c243a/fast"
/usr/bin/make -f CMakeFiles/cmTC_c243a.dir/build.make CMakeFiles/cmTC_c243a.dir/build
make[1]: Entering directory '/home/xcv/CLionProjects/saber/cmake-build-debug/CMakeFiles/CMakeTmp'
Building C object CMakeFiles/cmTC_c243a.dir/CheckFunctionExists.c.o
/usr/bin/cc    -DCHECK_FUNCTION_EXISTS=pthread_create   -o CMakeFiles/cmTC_c243a.dir/CheckFunctionExists.c.o   -c /home/xcv/app/clion-2017.1/bin/cmake/share/cmake-3.7/Modules/CheckFunctionExists.c
Linking C executable cmTC_c243a
/home/xcv/app/clion-2017.1/bin/cmake/bin/cmake -E cmake_link_script CMakeFiles/cmTC_c243a.dir/link.txt --verbose=1
/usr/bin/cc   -DCHECK_FUNCTION_EXISTS=pthread_create    CMakeFiles/cmTC_c243a.dir/CheckFunctionExists.c.o  -o cmTC_c243a -lpthreads 
/usr/bin/ld: 找不到 -lpthreads
collect2: error: ld returned 1 exit status
CMakeFiles/cmTC_c243a.dir/build.make:97: recipe for target 'cmTC_c243a' failed
make[1]: *** [cmTC_c243a] Error 1
make[1]: Leaving directory '/home/xcv/CLionProjects/saber/cmake-build-debug/CMakeFiles/CMakeTmp'
Makefile:126: recipe for target 'cmTC_c243a/fast' failed
make: *** [cmTC_c243a/fast] Error 2


